2012/08/14 09:39:54 [error] [exception.CHttpException.404] exception 'CHttpException' with message 'Unable to resolve the request "site".' in /Users/koenhuybrechts/Sites/Endurant/Shoestores/Webshop/development/caching/common/lib/yii/framework/web/CWebApplication.php:287
Stack trace:
#0 /Users/koenhuybrechts/Sites/Endurant/Shoestores/Webshop/development/caching/common/lib/yii/framework/web/CWebApplication.php(142): CWebApplication->runController('')
#1 /Users/koenhuybrechts/Sites/Endurant/Shoestores/Webshop/development/caching/common/lib/yii/framework/base/CApplication.php(162): CWebApplication->processRequest()
#2 /Users/koenhuybrechts/Sites/Endurant/Shoestores/Webshop/development/caching/frontend/www/index.php(17): CApplication->run()
#3 {main}
REQUEST_URI=/
---
2012/08/14 09:40:26 [error] [php] include(Controller.php): failed to open stream: No such file or directory (/Users/koenhuybrechts/Sites/Endurant/Shoestores/Webshop/development/caching/common/lib/yii/framework/YiiBase.php:423)
Stack trace:
#0 /Users/koenhuybrechts/Sites/Endurant/Shoestores/Webshop/development/caching/frontend/controllers/SiteController.php(4): spl_autoload_call()
#1 /Users/koenhuybrechts/Sites/Endurant/Shoestores/Webshop/development/caching/common/lib/yii/framework/web/CWebApplication.php(355): require()
#2 /Users/koenhuybrechts/Sites/Endurant/Shoestores/Webshop/development/caching/common/lib/yii/framework/web/CWebApplication.php(277): CWebApplication->createController()
#3 /Users/koenhuybrechts/Sites/Endurant/Shoestores/Webshop/development/caching/common/lib/yii/framework/web/CWebApplication.php(142): CWebApplication->runController()
#4 /Users/koenhuybrechts/Sites/Endurant/Shoestores/Webshop/development/caching/common/lib/yii/framework/base/CApplication.php(162): CWebApplication->processRequest()
#5 /Users/koenhuybrechts/Sites/Endurant/Shoestores/Webshop/development/caching/frontend/www/index.php(17): CWebApplication->run()
REQUEST_URI=/
in /Users/koenhuybrechts/Sites/Endurant/Shoestores/Webshop/development/caching/frontend/controllers/SiteController.php (4)
in /Users/koenhuybrechts/Sites/Endurant/Shoestores/Webshop/development/caching/frontend/www/index.php (17)
2012/08/14 09:40:44 [error] [php] include(Controller.php): failed to open stream: No such file or directory (/Users/koenhuybrechts/Sites/Endurant/Shoestores/Webshop/development/caching/common/lib/yii/framework/YiiBase.php:423)
Stack trace:
#0 /Users/koenhuybrechts/Sites/Endurant/Shoestores/Webshop/development/caching/frontend/controllers/SiteController.php(4): spl_autoload_call()
#1 /Users/koenhuybrechts/Sites/Endurant/Shoestores/Webshop/development/caching/common/lib/yii/framework/web/CWebApplication.php(355): require()
#2 /Users/koenhuybrechts/Sites/Endurant/Shoestores/Webshop/development/caching/common/lib/yii/framework/web/CWebApplication.php(277): CWebApplication->createController()
#3 /Users/koenhuybrechts/Sites/Endurant/Shoestores/Webshop/development/caching/common/lib/yii/framework/web/CWebApplication.php(142): CWebApplication->runController()
#4 /Users/koenhuybrechts/Sites/Endurant/Shoestores/Webshop/development/caching/common/lib/yii/framework/base/CApplication.php(162): CWebApplication->processRequest()
#5 /Users/koenhuybrechts/Sites/Endurant/Shoestores/Webshop/development/caching/frontend/www/index.php(17): CWebApplication->run()
REQUEST_URI=/
in /Users/koenhuybrechts/Sites/Endurant/Shoestores/Webshop/development/caching/frontend/controllers/SiteController.php (4)
in /Users/koenhuybrechts/Sites/Endurant/Shoestores/Webshop/development/caching/frontend/www/index.php (17)
2012/08/14 09:40:44 [error] [php] include(Controller.php): failed to open stream: No such file or directory (/Users/koenhuybrechts/Sites/Endurant/Shoestores/Webshop/development/caching/common/lib/yii/framework/YiiBase.php:423)
Stack trace:
#0 /Users/koenhuybrechts/Sites/Endurant/Shoestores/Webshop/development/caching/frontend/controllers/SiteController.php(4): spl_autoload_call()
#1 /Users/koenhuybrechts/Sites/Endurant/Shoestores/Webshop/development/caching/common/lib/yii/framework/web/CWebApplication.php(355): require()
#2 /Users/koenhuybrechts/Sites/Endurant/Shoestores/Webshop/development/caching/common/lib/yii/framework/web/CWebApplication.php(277): CWebApplication->createController()
#3 /Users/koenhuybrechts/Sites/Endurant/Shoestores/Webshop/development/caching/common/lib/yii/framework/web/CWebApplication.php(142): CWebApplication->runController()
#4 /Users/koenhuybrechts/Sites/Endurant/Shoestores/Webshop/development/caching/common/lib/yii/framework/base/CApplication.php(162): CWebApplication->processRequest()
#5 /Users/koenhuybrechts/Sites/Endurant/Shoestores/Webshop/development/caching/frontend/www/index.php(17): CWebApplication->run()
REQUEST_URI=/
in /Users/koenhuybrechts/Sites/Endurant/Shoestores/Webshop/development/caching/frontend/controllers/SiteController.php (4)
in /Users/koenhuybrechts/Sites/Endurant/Shoestores/Webshop/development/caching/frontend/www/index.php (17)
2012/08/14 09:40:45 [error] [php] include(Controller.php): failed to open stream: No such file or directory (/Users/koenhuybrechts/Sites/Endurant/Shoestores/Webshop/development/caching/common/lib/yii/framework/YiiBase.php:423)
Stack trace:
#0 /Users/koenhuybrechts/Sites/Endurant/Shoestores/Webshop/development/caching/frontend/controllers/SiteController.php(4): spl_autoload_call()
#1 /Users/koenhuybrechts/Sites/Endurant/Shoestores/Webshop/development/caching/common/lib/yii/framework/web/CWebApplication.php(355): require()
#2 /Users/koenhuybrechts/Sites/Endurant/Shoestores/Webshop/development/caching/common/lib/yii/framework/web/CWebApplication.php(277): CWebApplication->createController()
#3 /Users/koenhuybrechts/Sites/Endurant/Shoestores/Webshop/development/caching/common/lib/yii/framework/web/CWebApplication.php(142): CWebApplication->runController()
#4 /Users/koenhuybrechts/Sites/Endurant/Shoestores/Webshop/development/caching/common/lib/yii/framework/base/CApplication.php(162): CWebApplication->processRequest()
#5 /Users/koenhuybrechts/Sites/Endurant/Shoestores/Webshop/development/caching/frontend/www/index.php(17): CWebApplication->run()
REQUEST_URI=/
in /Users/koenhuybrechts/Sites/Endurant/Shoestores/Webshop/development/caching/frontend/controllers/SiteController.php (4)
in /Users/koenhuybrechts/Sites/Endurant/Shoestores/Webshop/development/caching/frontend/www/index.php (17)
2012/08/14 09:40:45 [error] [php] include(Controller.php): failed to open stream: No such file or directory (/Users/koenhuybrechts/Sites/Endurant/Shoestores/Webshop/development/caching/common/lib/yii/framework/YiiBase.php:423)
Stack trace:
#0 /Users/koenhuybrechts/Sites/Endurant/Shoestores/Webshop/development/caching/frontend/controllers/SiteController.php(4): spl_autoload_call()
#1 /Users/koenhuybrechts/Sites/Endurant/Shoestores/Webshop/development/caching/common/lib/yii/framework/web/CWebApplication.php(355): require()
#2 /Users/koenhuybrechts/Sites/Endurant/Shoestores/Webshop/development/caching/common/lib/yii/framework/web/CWebApplication.php(277): CWebApplication->createController()
#3 /Users/koenhuybrechts/Sites/Endurant/Shoestores/Webshop/development/caching/common/lib/yii/framework/web/CWebApplication.php(142): CWebApplication->runController()
#4 /Users/koenhuybrechts/Sites/Endurant/Shoestores/Webshop/development/caching/common/lib/yii/framework/base/CApplication.php(162): CWebApplication->processRequest()
#5 /Users/koenhuybrechts/Sites/Endurant/Shoestores/Webshop/development/caching/frontend/www/index.php(17): CWebApplication->run()
REQUEST_URI=/
in /Users/koenhuybrechts/Sites/Endurant/Shoestores/Webshop/development/caching/frontend/controllers/SiteController.php (4)
in /Users/koenhuybrechts/Sites/Endurant/Shoestores/Webshop/development/caching/frontend/www/index.php (17)
2012/08/14 09:40:45 [error] [php] include(Controller.php): failed to open stream: No such file or directory (/Users/koenhuybrechts/Sites/Endurant/Shoestores/Webshop/development/caching/common/lib/yii/framework/YiiBase.php:423)
Stack trace:
#0 /Users/koenhuybrechts/Sites/Endurant/Shoestores/Webshop/development/caching/frontend/controllers/SiteController.php(4): spl_autoload_call()
#1 /Users/koenhuybrechts/Sites/Endurant/Shoestores/Webshop/development/caching/common/lib/yii/framework/web/CWebApplication.php(355): require()
#2 /Users/koenhuybrechts/Sites/Endurant/Shoestores/Webshop/development/caching/common/lib/yii/framework/web/CWebApplication.php(277): CWebApplication->createController()
#3 /Users/koenhuybrechts/Sites/Endurant/Shoestores/Webshop/development/caching/common/lib/yii/framework/web/CWebApplication.php(142): CWebApplication->runController()
#4 /Users/koenhuybrechts/Sites/Endurant/Shoestores/Webshop/development/caching/common/lib/yii/framework/base/CApplication.php(162): CWebApplication->processRequest()
#5 /Users/koenhuybrechts/Sites/Endurant/Shoestores/Webshop/development/caching/frontend/www/index.php(17): CWebApplication->run()
REQUEST_URI=/
in /Users/koenhuybrechts/Sites/Endurant/Shoestores/Webshop/development/caching/frontend/controllers/SiteController.php (4)
in /Users/koenhuybrechts/Sites/Endurant/Shoestores/Webshop/development/caching/frontend/www/index.php (17)
2012/08/14 09:44:01 [error] [php] include(Controller.php): failed to open stream: No such file or directory (/Users/koenhuybrechts/Sites/Endurant/Shoestores/Webshop/development/caching/common/lib/yii/framework/YiiBase.php:423)
Stack trace:
#0 /Users/koenhuybrechts/Sites/Endurant/Shoestores/Webshop/development/caching/frontend/controllers/SiteController.php(4): spl_autoload_call()
#1 /Users/koenhuybrechts/Sites/Endurant/Shoestores/Webshop/development/caching/common/lib/yii/framework/web/CWebApplication.php(355): require()
#2 /Users/koenhuybrechts/Sites/Endurant/Shoestores/Webshop/development/caching/common/lib/yii/framework/web/CWebApplication.php(277): CWebApplication->createController()
#3 /Users/koenhuybrechts/Sites/Endurant/Shoestores/Webshop/development/caching/common/lib/yii/framework/web/CWebApplication.php(142): CWebApplication->runController()
#4 /Users/koenhuybrechts/Sites/Endurant/Shoestores/Webshop/development/caching/common/lib/yii/framework/base/CApplication.php(162): CWebApplication->processRequest()
#5 /Users/koenhuybrechts/Sites/Endurant/Shoestores/Webshop/development/caching/frontend/www/index.php(17): CWebApplication->run()
REQUEST_URI=/
in /Users/koenhuybrechts/Sites/Endurant/Shoestores/Webshop/development/caching/frontend/controllers/SiteController.php (4)
in /Users/koenhuybrechts/Sites/Endurant/Shoestores/Webshop/development/caching/frontend/www/index.php (17)
2012/08/14 09:44:14 [error] [php] include(Controller.php): failed to open stream: No such file or directory (/Users/koenhuybrechts/Sites/Endurant/Shoestores/Webshop/development/caching/common/lib/yii/framework/YiiBase.php:423)
Stack trace:
#0 /Users/koenhuybrechts/Sites/Endurant/Shoestores/Webshop/development/caching/frontend/controllers/SiteController.php(4): spl_autoload_call()
#1 /Users/koenhuybrechts/Sites/Endurant/Shoestores/Webshop/development/caching/common/lib/yii/framework/web/CWebApplication.php(355): require()
#2 /Users/koenhuybrechts/Sites/Endurant/Shoestores/Webshop/development/caching/common/lib/yii/framework/web/CWebApplication.php(277): CWebApplication->createController()
#3 /Users/koenhuybrechts/Sites/Endurant/Shoestores/Webshop/development/caching/common/lib/yii/framework/web/CWebApplication.php(142): CWebApplication->runController()
#4 /Users/koenhuybrechts/Sites/Endurant/Shoestores/Webshop/development/caching/common/lib/yii/framework/base/CApplication.php(162): CWebApplication->processRequest()
#5 /Users/koenhuybrechts/Sites/Endurant/Shoestores/Webshop/development/caching/frontend/www/index.php(17): CWebApplication->run()
REQUEST_URI=/
in /Users/koenhuybrechts/Sites/Endurant/Shoestores/Webshop/development/caching/frontend/controllers/SiteController.php (4)
in /Users/koenhuybrechts/Sites/Endurant/Shoestores/Webshop/development/caching/frontend/www/index.php (17)
2012/08/14 09:44:54 [error] [php] include(Controller.php): failed to open stream: No such file or directory (/Users/koenhuybrechts/Sites/Endurant/Shoestores/Webshop/development/caching/common/lib/yii/framework/YiiBase.php:423)
Stack trace:
#0 /Users/koenhuybrechts/Sites/Endurant/Shoestores/Webshop/development/caching/frontend/controllers/SiteController.php(4): spl_autoload_call()
#1 /Users/koenhuybrechts/Sites/Endurant/Shoestores/Webshop/development/caching/common/lib/yii/framework/web/CWebApplication.php(355): require()
#2 /Users/koenhuybrechts/Sites/Endurant/Shoestores/Webshop/development/caching/common/lib/yii/framework/web/CWebApplication.php(277): CWebApplication->createController()
#3 /Users/koenhuybrechts/Sites/Endurant/Shoestores/Webshop/development/caching/common/lib/yii/framework/web/CWebApplication.php(142): CWebApplication->runController()
#4 /Users/koenhuybrechts/Sites/Endurant/Shoestores/Webshop/development/caching/common/lib/yii/framework/base/CApplication.php(162): CWebApplication->processRequest()
#5 /Users/koenhuybrechts/Sites/Endurant/Shoestores/Webshop/development/caching/frontend/www/index.php(17): CWebApplication->run()
REQUEST_URI=/
in /Users/koenhuybrechts/Sites/Endurant/Shoestores/Webshop/development/caching/frontend/controllers/SiteController.php (4)
in /Users/koenhuybrechts/Sites/Endurant/Shoestores/Webshop/development/caching/frontend/www/index.php (17)
2012/08/14 09:44:55 [error] [php] include(Controller.php): failed to open stream: No such file or directory (/Users/koenhuybrechts/Sites/Endurant/Shoestores/Webshop/development/caching/common/lib/yii/framework/YiiBase.php:423)
Stack trace:
#0 /Users/koenhuybrechts/Sites/Endurant/Shoestores/Webshop/development/caching/frontend/controllers/SiteController.php(4): spl_autoload_call()
#1 /Users/koenhuybrechts/Sites/Endurant/Shoestores/Webshop/development/caching/common/lib/yii/framework/web/CWebApplication.php(355): require()
#2 /Users/koenhuybrechts/Sites/Endurant/Shoestores/Webshop/development/caching/common/lib/yii/framework/web/CWebApplication.php(277): CWebApplication->createController()
#3 /Users/koenhuybrechts/Sites/Endurant/Shoestores/Webshop/development/caching/common/lib/yii/framework/web/CWebApplication.php(142): CWebApplication->runController()
#4 /Users/koenhuybrechts/Sites/Endurant/Shoestores/Webshop/development/caching/common/lib/yii/framework/base/CApplication.php(162): CWebApplication->processRequest()
#5 /Users/koenhuybrechts/Sites/Endurant/Shoestores/Webshop/development/caching/frontend/www/index.php(17): CWebApplication->run()
REQUEST_URI=/
in /Users/koenhuybrechts/Sites/Endurant/Shoestores/Webshop/development/caching/frontend/controllers/SiteController.php (4)
in /Users/koenhuybrechts/Sites/Endurant/Shoestores/Webshop/development/caching/frontend/www/index.php (17)
2012/08/14 09:44:56 [error] [php] include(Controller.php): failed to open stream: No such file or directory (/Users/koenhuybrechts/Sites/Endurant/Shoestores/Webshop/development/caching/common/lib/yii/framework/YiiBase.php:423)
Stack trace:
#0 /Users/koenhuybrechts/Sites/Endurant/Shoestores/Webshop/development/caching/frontend/controllers/SiteController.php(4): spl_autoload_call()
#1 /Users/koenhuybrechts/Sites/Endurant/Shoestores/Webshop/development/caching/common/lib/yii/framework/web/CWebApplication.php(355): require()
#2 /Users/koenhuybrechts/Sites/Endurant/Shoestores/Webshop/development/caching/common/lib/yii/framework/web/CWebApplication.php(277): CWebApplication->createController()
#3 /Users/koenhuybrechts/Sites/Endurant/Shoestores/Webshop/development/caching/common/lib/yii/framework/web/CWebApplication.php(142): CWebApplication->runController()
#4 /Users/koenhuybrechts/Sites/Endurant/Shoestores/Webshop/development/caching/common/lib/yii/framework/base/CApplication.php(162): CWebApplication->processRequest()
#5 /Users/koenhuybrechts/Sites/Endurant/Shoestores/Webshop/development/caching/frontend/www/index.php(17): CWebApplication->run()
REQUEST_URI=/
in /Users/koenhuybrechts/Sites/Endurant/Shoestores/Webshop/development/caching/frontend/controllers/SiteController.php (4)
in /Users/koenhuybrechts/Sites/Endurant/Shoestores/Webshop/development/caching/frontend/www/index.php (17)
2012/08/14 09:44:56 [error] [php] include(Controller.php): failed to open stream: No such file or directory (/Users/koenhuybrechts/Sites/Endurant/Shoestores/Webshop/development/caching/common/lib/yii/framework/YiiBase.php:423)
Stack trace:
#0 /Users/koenhuybrechts/Sites/Endurant/Shoestores/Webshop/development/caching/frontend/controllers/SiteController.php(4): spl_autoload_call()
#1 /Users/koenhuybrechts/Sites/Endurant/Shoestores/Webshop/development/caching/common/lib/yii/framework/web/CWebApplication.php(355): require()
#2 /Users/koenhuybrechts/Sites/Endurant/Shoestores/Webshop/development/caching/common/lib/yii/framework/web/CWebApplication.php(277): CWebApplication->createController()
#3 /Users/koenhuybrechts/Sites/Endurant/Shoestores/Webshop/development/caching/common/lib/yii/framework/web/CWebApplication.php(142): CWebApplication->runController()
#4 /Users/koenhuybrechts/Sites/Endurant/Shoestores/Webshop/development/caching/common/lib/yii/framework/base/CApplication.php(162): CWebApplication->processRequest()
#5 /Users/koenhuybrechts/Sites/Endurant/Shoestores/Webshop/development/caching/frontend/www/index.php(17): CWebApplication->run()
REQUEST_URI=/
in /Users/koenhuybrechts/Sites/Endurant/Shoestores/Webshop/development/caching/frontend/controllers/SiteController.php (4)
in /Users/koenhuybrechts/Sites/Endurant/Shoestores/Webshop/development/caching/frontend/www/index.php (17)
2012/08/14 09:44:56 [error] [php] include(Controller.php): failed to open stream: No such file or directory (/Users/koenhuybrechts/Sites/Endurant/Shoestores/Webshop/development/caching/common/lib/yii/framework/YiiBase.php:423)
Stack trace:
#0 /Users/koenhuybrechts/Sites/Endurant/Shoestores/Webshop/development/caching/frontend/controllers/SiteController.php(4): spl_autoload_call()
#1 /Users/koenhuybrechts/Sites/Endurant/Shoestores/Webshop/development/caching/common/lib/yii/framework/web/CWebApplication.php(355): require()
#2 /Users/koenhuybrechts/Sites/Endurant/Shoestores/Webshop/development/caching/common/lib/yii/framework/web/CWebApplication.php(277): CWebApplication->createController()
#3 /Users/koenhuybrechts/Sites/Endurant/Shoestores/Webshop/development/caching/common/lib/yii/framework/web/CWebApplication.php(142): CWebApplication->runController()
#4 /Users/koenhuybrechts/Sites/Endurant/Shoestores/Webshop/development/caching/common/lib/yii/framework/base/CApplication.php(162): CWebApplication->processRequest()
#5 /Users/koenhuybrechts/Sites/Endurant/Shoestores/Webshop/development/caching/frontend/www/index.php(17): CWebApplication->run()
REQUEST_URI=/
in /Users/koenhuybrechts/Sites/Endurant/Shoestores/Webshop/development/caching/frontend/controllers/SiteController.php (4)
in /Users/koenhuybrechts/Sites/Endurant/Shoestores/Webshop/development/caching/frontend/www/index.php (17)
2012/08/14 09:44:57 [error] [php] include(Controller.php): failed to open stream: No such file or directory (/Users/koenhuybrechts/Sites/Endurant/Shoestores/Webshop/development/caching/common/lib/yii/framework/YiiBase.php:423)
Stack trace:
#0 /Users/koenhuybrechts/Sites/Endurant/Shoestores/Webshop/development/caching/frontend/controllers/SiteController.php(4): spl_autoload_call()
#1 /Users/koenhuybrechts/Sites/Endurant/Shoestores/Webshop/development/caching/common/lib/yii/framework/web/CWebApplication.php(355): require()
#2 /Users/koenhuybrechts/Sites/Endurant/Shoestores/Webshop/development/caching/common/lib/yii/framework/web/CWebApplication.php(277): CWebApplication->createController()
#3 /Users/koenhuybrechts/Sites/Endurant/Shoestores/Webshop/development/caching/common/lib/yii/framework/web/CWebApplication.php(142): CWebApplication->runController()
#4 /Users/koenhuybrechts/Sites/Endurant/Shoestores/Webshop/development/caching/common/lib/yii/framework/base/CApplication.php(162): CWebApplication->processRequest()
#5 /Users/koenhuybrechts/Sites/Endurant/Shoestores/Webshop/development/caching/frontend/www/index.php(17): CWebApplication->run()
REQUEST_URI=/
in /Users/koenhuybrechts/Sites/Endurant/Shoestores/Webshop/development/caching/frontend/controllers/SiteController.php (4)
in /Users/koenhuybrechts/Sites/Endurant/Shoestores/Webshop/development/caching/frontend/www/index.php (17)
2012/08/14 09:44:57 [error] [php] include(Controller.php): failed to open stream: No such file or directory (/Users/koenhuybrechts/Sites/Endurant/Shoestores/Webshop/development/caching/common/lib/yii/framework/YiiBase.php:423)
Stack trace:
#0 /Users/koenhuybrechts/Sites/Endurant/Shoestores/Webshop/development/caching/frontend/controllers/SiteController.php(4): spl_autoload_call()
#1 /Users/koenhuybrechts/Sites/Endurant/Shoestores/Webshop/development/caching/common/lib/yii/framework/web/CWebApplication.php(355): require()
#2 /Users/koenhuybrechts/Sites/Endurant/Shoestores/Webshop/development/caching/common/lib/yii/framework/web/CWebApplication.php(277): CWebApplication->createController()
#3 /Users/koenhuybrechts/Sites/Endurant/Shoestores/Webshop/development/caching/common/lib/yii/framework/web/CWebApplication.php(142): CWebApplication->runController()
#4 /Users/koenhuybrechts/Sites/Endurant/Shoestores/Webshop/development/caching/common/lib/yii/framework/base/CApplication.php(162): CWebApplication->processRequest()
#5 /Users/koenhuybrechts/Sites/Endurant/Shoestores/Webshop/development/caching/frontend/www/index.php(17): CWebApplication->run()
REQUEST_URI=/
in /Users/koenhuybrechts/Sites/Endurant/Shoestores/Webshop/development/caching/frontend/controllers/SiteController.php (4)
in /Users/koenhuybrechts/Sites/Endurant/Shoestores/Webshop/development/caching/frontend/www/index.php (17)
2012/08/14 09:45:08 [error] [php] include(Controller.php): failed to open stream: No such file or directory (/Users/koenhuybrechts/Sites/Endurant/Shoestores/Webshop/development/caching/common/lib/yii/framework/YiiBase.php:423)
Stack trace:
#0 /Users/koenhuybrechts/Sites/Endurant/Shoestores/Webshop/development/caching/frontend/controllers/SiteController.php(4): spl_autoload_call()
#1 /Users/koenhuybrechts/Sites/Endurant/Shoestores/Webshop/development/caching/common/lib/yii/framework/web/CWebApplication.php(355): require()
#2 /Users/koenhuybrechts/Sites/Endurant/Shoestores/Webshop/development/caching/common/lib/yii/framework/web/CWebApplication.php(277): CWebApplication->createController()
#3 /Users/koenhuybrechts/Sites/Endurant/Shoestores/Webshop/development/caching/common/lib/yii/framework/web/CWebApplication.php(142): CWebApplication->runController()
#4 /Users/koenhuybrechts/Sites/Endurant/Shoestores/Webshop/development/caching/common/lib/yii/framework/base/CApplication.php(162): CWebApplication->processRequest()
#5 /Users/koenhuybrechts/Sites/Endurant/Shoestores/Webshop/development/caching/frontend/www/index.php(17): CWebApplication->run()
REQUEST_URI=/
in /Users/koenhuybrechts/Sites/Endurant/Shoestores/Webshop/development/caching/frontend/controllers/SiteController.php (4)
in /Users/koenhuybrechts/Sites/Endurant/Shoestores/Webshop/development/caching/frontend/www/index.php (17)
2012/08/14 09:45:28 [error] [php] include(Controller.php): failed to open stream: No such file or directory (/Users/koenhuybrechts/Sites/Endurant/Shoestores/Webshop/development/caching/common/lib/yii/framework/YiiBase.php:423)
Stack trace:
#0 /Users/koenhuybrechts/Sites/Endurant/Shoestores/Webshop/development/caching/frontend/controllers/SiteController.php(4): spl_autoload_call()
#1 /Users/koenhuybrechts/Sites/Endurant/Shoestores/Webshop/development/caching/common/lib/yii/framework/web/CWebApplication.php(355): require()
#2 /Users/koenhuybrechts/Sites/Endurant/Shoestores/Webshop/development/caching/common/lib/yii/framework/web/CWebApplication.php(277): CWebApplication->createController()
#3 /Users/koenhuybrechts/Sites/Endurant/Shoestores/Webshop/development/caching/common/lib/yii/framework/web/CWebApplication.php(142): CWebApplication->runController()
#4 /Users/koenhuybrechts/Sites/Endurant/Shoestores/Webshop/development/caching/common/lib/yii/framework/base/CApplication.php(162): CWebApplication->processRequest()
#5 /Users/koenhuybrechts/Sites/Endurant/Shoestores/Webshop/development/caching/frontend/www/index.php(17): CWebApplication->run()
REQUEST_URI=/
in /Users/koenhuybrechts/Sites/Endurant/Shoestores/Webshop/development/caching/frontend/controllers/SiteController.php (4)
in /Users/koenhuybrechts/Sites/Endurant/Shoestores/Webshop/development/caching/frontend/www/index.php (17)
2012/08/14 09:45:29 [error] [php] include(Controller.php): failed to open stream: No such file or directory (/Users/koenhuybrechts/Sites/Endurant/Shoestores/Webshop/development/caching/common/lib/yii/framework/YiiBase.php:423)
Stack trace:
#0 /Users/koenhuybrechts/Sites/Endurant/Shoestores/Webshop/development/caching/frontend/controllers/SiteController.php(4): spl_autoload_call()
#1 /Users/koenhuybrechts/Sites/Endurant/Shoestores/Webshop/development/caching/common/lib/yii/framework/web/CWebApplication.php(355): require()
#2 /Users/koenhuybrechts/Sites/Endurant/Shoestores/Webshop/development/caching/common/lib/yii/framework/web/CWebApplication.php(277): CWebApplication->createController()
#3 /Users/koenhuybrechts/Sites/Endurant/Shoestores/Webshop/development/caching/common/lib/yii/framework/web/CWebApplication.php(142): CWebApplication->runController()
#4 /Users/koenhuybrechts/Sites/Endurant/Shoestores/Webshop/development/caching/common/lib/yii/framework/base/CApplication.php(162): CWebApplication->processRequest()
#5 /Users/koenhuybrechts/Sites/Endurant/Shoestores/Webshop/development/caching/frontend/www/index.php(17): CWebApplication->run()
REQUEST_URI=/
in /Users/koenhuybrechts/Sites/Endurant/Shoestores/Webshop/development/caching/frontend/controllers/SiteController.php (4)
in /Users/koenhuybrechts/Sites/Endurant/Shoestores/Webshop/development/caching/frontend/www/index.php (17)
2012/08/14 09:48:03 [error] [php] include(ContactForm.php): failed to open stream: No such file or directory (/Users/koenhuybrechts/Sites/Endurant/Shoestores/Webshop/development/caching/common/lib/yii/framework/YiiBase.php:423)
Stack trace:
#0 /Users/koenhuybrechts/Sites/Endurant/Shoestores/Webshop/development/caching/frontend/controllers/SiteController.php(54): spl_autoload_call()
#1 /Users/koenhuybrechts/Sites/Endurant/Shoestores/Webshop/development/caching/common/lib/yii/framework/web/actions/CInlineAction.php(50): SiteController->actionContact()
#2 /Users/koenhuybrechts/Sites/Endurant/Shoestores/Webshop/development/caching/common/lib/yii/framework/web/CController.php(309): CInlineAction->runWithParams()
#3 /Users/koenhuybrechts/Sites/Endurant/Shoestores/Webshop/development/caching/common/lib/yii/framework/web/CController.php(287): SiteController->runAction()
#4 /Users/koenhuybrechts/Sites/Endurant/Shoestores/Webshop/development/caching/common/lib/yii/framework/web/CController.php(266): SiteController->runActionWithFilters()
#5 /Users/koenhuybrechts/Sites/Endurant/Shoestores/Webshop/development/caching/common/lib/yii/framework/web/CWebApplication.php(283): SiteController->run()
#6 /Users/koenhuybrechts/Sites/Endurant/Shoestores/Webshop/development/caching/common/lib/yii/framework/web/CWebApplication.php(142): CWebApplication->runController()
#7 /Users/koenhuybrechts/Sites/Endurant/Shoestores/Webshop/development/caching/common/lib/yii/framework/base/CApplication.php(162): CWebApplication->processRequest()
#8 /Users/koenhuybrechts/Sites/Endurant/Shoestores/Webshop/development/caching/frontend/www/index.php(17): CWebApplication->run()
REQUEST_URI=/index.php?r=site/contact
in /Users/koenhuybrechts/Sites/Endurant/Shoestores/Webshop/development/caching/frontend/controllers/SiteController.php (54)
in /Users/koenhuybrechts/Sites/Endurant/Shoestores/Webshop/development/caching/frontend/www/index.php (17)
2012/08/14 09:48:05 [error] [php] include(ContactForm.php): failed to open stream: No such file or directory (/Users/koenhuybrechts/Sites/Endurant/Shoestores/Webshop/development/caching/common/lib/yii/framework/YiiBase.php:423)
Stack trace:
#0 /Users/koenhuybrechts/Sites/Endurant/Shoestores/Webshop/development/caching/frontend/controllers/SiteController.php(54): spl_autoload_call()
#1 /Users/koenhuybrechts/Sites/Endurant/Shoestores/Webshop/development/caching/common/lib/yii/framework/web/actions/CInlineAction.php(50): SiteController->actionContact()
#2 /Users/koenhuybrechts/Sites/Endurant/Shoestores/Webshop/development/caching/common/lib/yii/framework/web/CController.php(309): CInlineAction->runWithParams()
#3 /Users/koenhuybrechts/Sites/Endurant/Shoestores/Webshop/development/caching/common/lib/yii/framework/web/CController.php(287): SiteController->runAction()
#4 /Users/koenhuybrechts/Sites/Endurant/Shoestores/Webshop/development/caching/common/lib/yii/framework/web/CController.php(266): SiteController->runActionWithFilters()
#5 /Users/koenhuybrechts/Sites/Endurant/Shoestores/Webshop/development/caching/common/lib/yii/framework/web/CWebApplication.php(283): SiteController->run()
#6 /Users/koenhuybrechts/Sites/Endurant/Shoestores/Webshop/development/caching/common/lib/yii/framework/web/CWebApplication.php(142): CWebApplication->runController()
#7 /Users/koenhuybrechts/Sites/Endurant/Shoestores/Webshop/development/caching/common/lib/yii/framework/base/CApplication.php(162): CWebApplication->processRequest()
#8 /Users/koenhuybrechts/Sites/Endurant/Shoestores/Webshop/development/caching/frontend/www/index.php(17): CWebApplication->run()
REQUEST_URI=/index.php?r=site/contact
in /Users/koenhuybrechts/Sites/Endurant/Shoestores/Webshop/development/caching/frontend/controllers/SiteController.php (54)
in /Users/koenhuybrechts/Sites/Endurant/Shoestores/Webshop/development/caching/frontend/www/index.php (17)
